INFO:root:CMD OUT: No resources found
INFO:root:CMD OUT: No resources found
INFO:root:CMD OUT: job.batch/parsec-blackscholes created
INFO:root:CMD OUT: NAME                        READY   STATUS              RESTARTS   AGE
parsec-blackscholes-v24gg   0/1     ContainerCreating   0          0s
INFO:root:CMD OUT: NAME                  COMPLETIONS   DURATION   AGE
parsec-blackscholes   0/1           5s         5s
INFO:root:CMD OUT: NAME                  COMPLETIONS   DURATION   AGE
parsec-blackscholes   1/1           6s         15s
INFO:root:CMD OUT: 'parsec-blackscholes-v24gg'
INFO:root:CMD OUT: Launching parsec.blackscholes...
[PARSEC] Benchmarks to run:  parsec.blackscholes

[PARSEC] [========== Running benchmark parsec.blackscholes [1] ==========]
[PARSEC] Setting up run directory.
[PARSEC] Unpacking benchmark input 'simlarge'.
in_64K.txt
[PARSEC] Running 'time /parsec/pkgs/apps/blackscholes/inst/amd64-linux.gcc/bin/blackscholes 1 in_64K.txt prices.txt':
[PARSEC] [---------- Beginning of output ----------]
PARSEC Benchmark Suite Version 3.0-beta-20150206
Num of Options: 65536
Num of Runs: 100
Size of data: 2621440

real	0m0.858s
user	0m0.836s
sys	0m0.008s
[PARSEC] [----------    End of output    ----------]
[PARSEC]
[PARSEC] BIBLIOGRAPHY
[PARSEC]
[PARSEC] [1] Bienia. Benchmarking Modern Multiprocessors. Ph.D. Thesis, 2011.
[PARSEC]
[PARSEC] Done.
INFO:root:CMD OUT: job.batch "parsec-blackscholes" deleted
INFO:root:CMD OUT: No resources found
INFO:root:CMD OUT: job.batch/parsec-canneal created
INFO:root:CMD OUT: NAME                   READY   STATUS              RESTARTS   AGE
parsec-canneal-mxs68   0/1     ContainerCreating   0          1s
INFO:root:CMD OUT: NAME             COMPLETIONS   DURATION   AGE
parsec-canneal   0/1           6s         6s
INFO:root:CMD OUT: NAME             COMPLETIONS   DURATION   AGE
parsec-canneal   0/1           16s        16s
INFO:root:CMD OUT: NAME             COMPLETIONS   DURATION   AGE
parsec-canneal   1/1           18s        26s
INFO:root:CMD OUT: 'parsec-canneal-mxs68'
INFO:root:CMD OUT: Launching parsec.canneal...
[PARSEC] Benchmarks to run:  parsec.canneal

[PARSEC] [========== Running benchmark parsec.canneal [1] ==========]
[PARSEC] Setting up run directory.
[PARSEC] Unpacking benchmark input 'simlarge'.
400000.nets
[PARSEC] Running 'time /parsec/pkgs/kernels/canneal/inst/amd64-linux.gcc/bin/canneal 1 15000 2000 400000.nets 128':
[PARSEC] [---------- Beginning of output ----------]
PARSEC Benchmark Suite Version 3.0-beta-20150206
Threadcount: 1
15000 swaps per temperature step
start temperature: 2000
netlist filename: 400000.nets
number of temperature steps: 128
locs created
locs assigned
Just saw element: 100000
Just saw element: 200000
Just saw element: 300000
Just saw element: 400000
netlist created. 400000 elements.
Final routing is: 6.90232e+08

real	0m12.214s
user	0m11.739s
sys	0m0.380s
[PARSEC] [----------    End of output    ----------]
[PARSEC]
[PARSEC] BIBLIOGRAPHY
[PARSEC]
[PARSEC] [1] Bienia. Benchmarking Modern Multiprocessors. Ph.D. Thesis, 2011.
[PARSEC]
[PARSEC] Done.
INFO:root:CMD OUT: job.batch "parsec-canneal" deleted
INFO:root:CMD OUT: No resources found
INFO:root:CMD OUT: job.batch/parsec-dedup created
INFO:root:CMD OUT: NAME                 READY   STATUS              RESTARTS   AGE
parsec-dedup-cqnh9   0/1     ContainerCreating   0          0s
INFO:root:CMD OUT: NAME           COMPLETIONS   DURATION   AGE
parsec-dedup   0/1           5s         5s
INFO:root:CMD OUT: NAME           COMPLETIONS   DURATION   AGE
parsec-dedup   0/1           15s        15s
INFO:root:CMD OUT: NAME           COMPLETIONS   DURATION   AGE
parsec-dedup   0/1           26s        26s
INFO:root:CMD OUT: NAME           COMPLETIONS   DURATION   AGE
parsec-dedup   0/1           36s        36s
INFO:root:CMD OUT: NAME           COMPLETIONS   DURATION   AGE
parsec-dedup   1/1           43s        46s
INFO:root:CMD OUT: 'parsec-dedup-cqnh9'
INFO:root:CMD OUT: Launching parsec.dedup...
[PARSEC] Benchmarks to run:  parsec.dedup

[PARSEC] [========== Running benchmark parsec.dedup [1] ==========]
[PARSEC] Setting up run directory.
[PARSEC] Unpacking benchmark input 'native'.
FC-6-x86_64-disc1.iso
[PARSEC] Running 'time /parsec/pkgs/kernels/dedup/inst/amd64-linux.gcc/bin/dedup -c -p -v -t 1 -i FC-6-x86_64-disc1.iso -o output.dat.ddp':
[PARSEC] [---------- Beginning of output ----------]
PARSEC Benchmark Suite Version 3.0-beta-20150206
Total input size:                      671.58 MB
Total output size:                     637.28 MB
Effective compression factor:            1.05x

Mean data chunk size:                    1.88 KB (stddev: 2023.50 KB)
Amount of duplicate chunks:             54.49%
Data size after deduplication:         658.95 MB (compression factor: 1.02x)
Data size after compression:           630.26 MB (compression factor: 1.05x)
Output overhead:                         1.10%

real	0m26.677s
user	0m28.740s
sys	0m8.664s
[PARSEC] [----------    End of output    ----------]
[PARSEC]
[PARSEC] BIBLIOGRAPHY
[PARSEC]
[PARSEC] [1] Bienia. Benchmarking Modern Multiprocessors. Ph.D. Thesis, 2011.
[PARSEC]
[PARSEC] Done.
INFO:root:CMD OUT: job.batch "parsec-dedup" deleted
INFO:root:CMD OUT: No resources found
INFO:root:CMD OUT: job.batch/parsec-ferret created
INFO:root:CMD OUT: NAME                  READY   STATUS              RESTARTS   AGE
parsec-ferret-mmlrw   0/1     ContainerCreating   0          0s
INFO:root:CMD OUT: NAME            COMPLETIONS   DURATION   AGE
parsec-ferret   0/1           5s         6s
INFO:root:CMD OUT: NAME            COMPLETIONS   DURATION   AGE
parsec-ferret   1/1           10s        16s
INFO:root:CMD OUT: 'parsec-ferret-mmlrw'
INFO:root:CMD OUT: Launching parsec.ferret...
[PARSEC] Benchmarks to run:  parsec.ferret

[PARSEC] [========== Running benchmark parsec.ferret [1] ==========]
[PARSEC] Setting up run directory.
[PARSEC] Unpacking benchmark input 'simlarge'.
corel/
corel/__cass.env
corel/corel.raw
corel/lsh.lsh
corel/map_corel.map
queries/
queries/acorn.jpg
queries/air-fighter.jpg
queries/airplane-2.jpg
queries/airplane-takeoff-3.jpg
queries/alcatraz-island-prison.jpg
queries/american-flag-3.jpg
queries/apartment.jpg
queries/apollo-2.jpg
queries/apollo-earth.jpg
queries/apple-11.jpg
queries/apple-14.jpg
queries/apple-16.jpg
queries/apple-7.jpg
queries/aquarium-fish-25.jpg
queries/arches-9.jpg
queries/arches.jpg
queries/archipelago-2.jpg
queries/archipelago.jpg
queries/balboa-park.jpg
queries/balloons-14.jpg
queries/banana-1.jpg
queries/bay.jpg
queries/beach-2.jpg
queries/bee.jpg
queries/bird-2.jpg
queries/black-currant-4.jpg
queries/black-headed-sheep.jpg
queries/boat-race.jpg
queries/bookshelf.jpg
queries/branch-2.jpg
queries/buttercup-2.jpg
queries/cable-2.jpg
queries/cabrillo-national-monument.jpg
queries/cactus-115.jpg
queries/cactus-71.jpg
queries/caesars-palace-2.jpg
queries/canyon.jpg
queries/cheese-plate.jpg
queries/church-tower-with-mountain-in-background.jpg
queries/civic-si-2.jpg
queries/clip-3.jpg
queries/clock-2.jpg
queries/clock.jpg
queries/clouds-2.jpg
queries/coast.jpg
queries/coffee-beans-2.jpg
queries/columbia-start.jpg
queries/concrete-cross.jpg
queries/crawfish-3.jpg
queries/death-valley-sand-dunes.jpg
queries/duck-4.jpg
queries/duck-5.jpg
queries/egret-2.jpg
queries/ellen-browning-scripps-park.jpg
queries/face-10.jpg
queries/face-11.jpg
queries/face-12.jpg
queries/face-13.jpg
queries/face-14.jpg
queries/face-15.jpg
queries/face-16.jpg
queries/face-17.jpg
queries/face-18.jpg
queries/face-19.jpg
queries/face-2.jpg
queries/face-20.jpg
queries/face-21.jpg
queries/face-22.jpg
queries/face-23.jpg
queries/face-24.jpg
queries/face-25.jpg
queries/face-26.jpg
queries/face-27.jpg
queries/face-28.jpg
queries/face-29.jpg
queries/face-3.jpg
queries/face-30.jpg
queries/face-31.jpg
queries/face-32.jpg
queries/face-33.jpg
queries/face-34.jpg
queries/face-35.jpg
queries/face-36.jpg
queries/face-4.jpg
queries/face-5.jpg
queries/face-6.jpg
queries/face-7.jpg
queries/face-8.jpg
queries/face-9.jpg
queries/face.jpg
queries/fajitas.jpg
queries/fake-berries.jpg
queries/fallbrook-avocado-festival.jpg
queries/fallen-branshy-tree.jpg
queries/falls-2.jpg
queries/falls-in-glacier.jpg
queries/falls.jpg
queries/farm-2.jpg
queries/farm.jpg
queries/farmers-market-2.jpg
queries/farmers-market.jpg
queries/field-20.jpg
queries/figs.jpg
queries/fireworks-11.jpg
queries/fly.jpg
queries/food-18.jpg
queries/forest-16.jpg
queries/forest-3.jpg
queries/forest-38.jpg
queries/forest-54.jpg
queries/forest-65.jpg
queries/la-jolla-cliffs-2.jpg
queries/la-jolla-cliffs.jpg
queries/la-jolla-cove-10.jpg
queries/la-jolla-cove-11.jpg
queries/la-jolla-cove-12.jpg
queries/la-jolla-cove-13.jpg
queries/la-jolla-cove-14.jpg
queries/la-jolla-cove-2.jpg
queries/la-jolla-cove-3.jpg
queries/la-jolla-cove-4.jpg
queries/la-jolla-cove-5.jpg
queries/la-jolla-cove-6.jpg
queries/la-jolla-cove-7.jpg
queries/la-jolla-cove-8.jpg
queries/la-jolla-cove-9.jpg
queries/la-jolla-cove.jpg
queries/la-jolla-seal-beach.jpg
queries/la-jolla-shores.jpg
queries/la-jolla-squirrels.jpg
queries/lady-bug.jpg
queries/ladybug-closeup.jpg
queries/ladybugs.jpg
queries/lake-2.jpg
queries/lake-20.jpg
queries/lake-21.jpg
queries/lake-22.jpg
queries/lake-23.jpg
queries/lake-24.jpg
queries/lake-25.jpg
queries/lake-26.jpg
queries/lake-27.jpg
queries/lake-28.jpg
queries/lake-29.jpg
queries/lake-3.jpg
queries/lake-30.jpg
queries/lake-31.jpg
queries/lake-32.jpg
queries/lake-33.jpg
queries/lake-34.jpg
queries/lake-35.jpg
queries/lake-36.jpg
queries/lake-37.jpg
queries/lake-38.jpg
queries/lake-52.jpg
queries/lake-53.jpg
queries/lake-54.jpg
queries/lake-55.jpg
queries/lake-56.jpg
queries/lake-57.jpg
queries/lake-58.jpg
queries/lake-59.jpg
queries/lake-6.jpg
queries/lake-60.jpg
queries/lake-61.jpg
queries/lake-62.jpg
queries/lake-63.jpg
queries/lake-64.jpg
queries/lake-65.jpg
queries/lake-66.jpg
queries/lake-67.jpg
queries/lake-68.jpg
queries/lake-69.jpg
queries/lake-7.jpg
queries/lake-8.jpg
queries/lake-9.jpg
queries/lake-mcdonald-in-glacier.jpg
queries/lake-mcdonald.jpg
queries/lake-miramar.jpg
queries/lake-people.jpg
queries/lake-rock-in-morning-mist-2.jpg
queries/lake-rock-in-morning-mist-3.jpg
queries/lake-rock-in-morning-mist.jpg
queries/lake-rocks-in-morning-mist-2.jpg
queries/lake-rocks-in-morning-mist.jpg
queries/lake-side.jpg
queries/lake-water.jpg
queries/lake.jpg
queries/lamar-valley.jpg
queries/lamp-flowers.jpg
queries/lancashire-cheese.jpg
queries/landing-lights.jpg
queries/lantern.jpg
queries/laptop.jpg
queries/lapwing-in-snow.jpg
queries/lapwings-in-snowy-field.jpg
queries/las-vegas-strip.jpg
queries/lasagna.jpg
queries/lava-2.jpg
queries/lava-3.jpg
queries/lava-4.jpg
queries/lava.jpg
queries/leaf-2.jpg
queries/leaf-3.jpg
queries/leaf-4.jpg
queries/leaf-5.jpg
queries/leaf.jpg
queries/leaves-in-a-stream.jpg
queries/leaves-in-sun-2.jpg
queries/leaves-in-sun-3.jpg
queries/leaves-in-sun.jpg
queries/leaves-water-drops-2.jpg
queries/leaves-water-drops-3.jpg
queries/leaves-water-drops.jpg
queries/leaves.jpg
queries/lemor.jpg
queries/lemurs-eating.jpg
queries/lens.jpg
queries/liberty-cap.jpg
queries/library.jpg
queries/lichens-2.jpg
queries/lichens.jpg
queries/lighter.jpg
queries/lighthouse.jpg
queries/lights-2.jpg
queries/lights-3.jpg
queries/lights.jpg
queries/limberger-cheese.jpg
queries/lime-and-kiwi.jpg
queries/lime-spider.jpg
queries/limestone-quarry-2.jpg
queries/limestone-quarry.jpg
queries/lincolnshire-poacher-cheese.jpg
queries/lion.jpg
queries/little-bird.jpg
queries/little-italy-sign.jpg
queries/little-piggies.jpg
queries/logan-pass-trail.jpg
queries/logan-pass.jpg
queries/lombard-street.jpg
queries/london-bridge.jpg
queries/long-beach-2.jpg
queries/long-beach.jpg
queries/long-horned-cattle-2.jpg
queries/long-horned-cattle.jpg
queries/lots-of-pots.jpg
queries/lotus.jpg
queries/lough-erne.jpg
queries/lough-gill-2.jpg
queries/lough-gill.jpg
queries/lough-gur.jpg
queries/lumbering-bear.jpg
queries/lunar-eclipse.jpg
queries/lynx-on-tree-log.jpg
queries/lynx-sitting.jpg
queries/queen-mary-2.jpg
[PARSEC] Running 'time /parsec/pkgs/apps/ferret/inst/amd64-linux.gcc/bin/ferret corel lsh queries 10 20 1 output.txt':
[PARSEC] [---------- Beginning of output ----------]
PARSEC Benchmark Suite Version 3.0-beta-20150206
(46,1)
(49,2)
(53,3)
(56,4)
(57,5)
(59,6)
(61,7)
(63,8)
(66,9)
(67,10)
(68,11)
(78,12)
(79,13)
(79,14)
(79,15)
(80,16)
(81,17)
(85,18)
(87,19)
(87,20)
(87,21)
(90,22)
(90,23)
(90,24)
(90,25)
(90,26)
(91,27)
(91,28)
(91,29)
(92,30)
(94,31)
(95,32)
(96,33)
(96,34)
(97,35)
(99,36)
(99,37)
(99,38)
(100,39)
(101,40)
(108,41)
(108,42)
(115,43)
(115,44)
(122,45)
(122,46)
(123,47)
(124,48)
(124,49)
(125,50)
(126,51)
(127,52)
(128,53)
(128,54)
(129,55)
(129,56)
(129,57)
(131,58)
(131,59)
(131,60)
(132,61)
(132,62)
(132,63)
(132,64)
(134,65)
(136,66)
(137,67)
(138,68)
(138,69)
(140,70)
(141,71)
(141,72)
(141,73)
(142,74)
(142,75)
(143,76)
(143,77)
(145,78)
(145,79)
(148,80)
(149,81)
(149,82)
(150,83)
(151,84)
(151,85)
(151,86)
(151,87)
(151,88)
(151,89)
(152,90)
(153,91)
(154,92)
(154,93)
(155,94)
(157,95)
(157,96)
(159,97)
(159,98)
(159,99)
(161,100)
(164,101)
(164,102)
(165,103)
(168,104)
(168,105)
(169,106)
(169,107)
(170,108)
(172,109)
(172,110)
(172,111)
(174,112)
(175,113)
(175,114)
(181,115)
(181,116)
(181,117)
(181,118)
(184,119)
(186,120)
(188,121)
(188,122)
(188,123)
(188,124)
(188,125)
(189,126)
(196,127)
(197,128)
(200,129)
(200,130)
(200,131)
(201,132)
(201,133)
(201,134)
(202,135)
(205,136)
(206,137)
(206,138)
(206,139)
(207,140)
(208,141)
(209,142)
(209,143)
(209,144)
(211,145)
(214,146)
(215,147)
(215,148)
(215,149)
(215,150)
(216,151)
(216,152)
(216,153)
(216,154)
(217,155)
(220,156)
(222,157)
(222,158)
(230,159)
(231,160)
(232,161)
(232,162)
(233,163)
(234,164)
(235,165)
(235,166)
(235,167)
(239,168)
(239,169)
(240,170)
(240,171)
(243,172)
(245,173)
(246,174)
(247,175)
(247,176)
(247,177)
(250,178)
(250,179)
(252,180)
(252,181)
(252,182)
(253,183)
(253,184)
(253,185)
(256,186)
(256,187)
(256,188)
(256,189)
(256,190)
(256,191)
(256,192)
(256,193)
(256,194)
(256,195)
(256,196)
(256,197)
(256,198)
(256,199)
(256,200)
(256,201)
(256,202)
(256,203)
(256,204)
(256,205)
(256,206)
(256,207)
(256,208)
(256,209)
(256,210)
(256,211)
(256,212)
(256,213)
(256,214)
(256,215)
(256,216)
(256,217)
(256,218)
(256,219)
(256,220)
(256,221)
(256,222)
(256,223)
(256,224)
(256,225)
(256,226)
(256,227)
(256,228)
(256,229)
(256,230)
(256,231)
(256,232)
(256,233)
(256,234)
(256,235)
(256,236)
(256,237)
(256,238)
(256,239)
(256,240)
(256,241)
(256,242)
(256,243)
(256,244)
(256,245)
(256,246)
(256,247)
(256,248)
(256,249)
(256,250)
(256,251)
(256,252)
(256,253)
(256,254)
(256,255)
(256,256)
QUERY TIME: 5.641 seconds

real	0m5.734s
user	0m10.645s
sys	0m0.131s
[PARSEC] [----------    End of output    ----------]
[PARSEC]
[PARSEC] BIBLIOGRAPHY
[PARSEC]
[PARSEC] [1] Bienia. Benchmarking Modern Multiprocessors. Ph.D. Thesis, 2011.
[PARSEC]
[PARSEC] Done.
INFO:root:CMD OUT: job.batch "parsec-ferret" deleted
INFO:root:CMD OUT: No resources found
INFO:root:CMD OUT: job.batch/parsec-freqmine created
INFO:root:CMD OUT: NAME                    READY   STATUS              RESTARTS   AGE
parsec-freqmine-llnbm   0/1     ContainerCreating   0          0s
INFO:root:CMD OUT: NAME              COMPLETIONS   DURATION   AGE
parsec-freqmine   0/1           5s         5s
INFO:root:CMD OUT: NAME              COMPLETIONS   DURATION   AGE
parsec-freqmine   1/1           11s        15s
INFO:root:CMD OUT: 'parsec-freqmine-llnbm'
INFO:root:CMD OUT: Launching parsec.freqmine...
[PARSEC] Benchmarks to run:  parsec.freqmine

[PARSEC] [========== Running benchmark parsec.freqmine [1] ==========]
[PARSEC] Setting up run directory.
[PARSEC] Unpacking benchmark input 'simlarge'.
kosarak_990k.dat
[PARSEC] Running 'time /parsec/pkgs/apps/freqmine/inst/amd64-linux.gcc/bin/freqmine kosarak_990k.dat 790':
[PARSEC] [---------- Beginning of output ----------]
PARSEC Benchmark Suite Version 3.0-beta-20150206
transaction number is 990002
1548
13483
46649
131381
415489
1239344
2985564
5696308
8709873
10789491
10902648
9011183
6094236
3374161
1530954
564958
165173
36535
5727
578
33
1
the data preparation cost 0.287797 seconds, the FPgrowth cost 6.191652 seconds

real	0m6.484s
user	0m6.318s
sys	0m0.148s
[PARSEC] [----------    End of output    ----------]
[PARSEC]
[PARSEC] BIBLIOGRAPHY
[PARSEC]
[PARSEC] [1] Bienia. Benchmarking Modern Multiprocessors. Ph.D. Thesis, 2011.
[PARSEC]
[PARSEC] Done.
INFO:root:CMD OUT: job.batch "parsec-freqmine" deleted
INFO:root:CMD OUT: No resources found
INFO:root:CMD OUT: job.batch/parsec-radix created
INFO:root:CMD OUT: NAME                 READY   STATUS              RESTARTS   AGE
parsec-radix-rw222   0/1     ContainerCreating   0          0s
INFO:root:CMD OUT: NAME           COMPLETIONS   DURATION   AGE
parsec-radix   0/1           5s         5s
INFO:root:CMD OUT: NAME           COMPLETIONS   DURATION   AGE
parsec-radix   0/1           15s        15s
INFO:root:CMD OUT: NAME           COMPLETIONS   DURATION   AGE
parsec-radix   0/1           25s        25s
INFO:root:CMD OUT: NAME           COMPLETIONS   DURATION   AGE
parsec-radix   0/1           35s        35s
INFO:root:CMD OUT: NAME           COMPLETIONS   DURATION   AGE
parsec-radix   0/1           45s        45s
INFO:root:CMD OUT: NAME           COMPLETIONS   DURATION   AGE
parsec-radix   0/1           55s        55s
INFO:root:CMD OUT: NAME           COMPLETIONS   DURATION   AGE
parsec-radix   1/1           62s        66s
INFO:root:CMD OUT: 'parsec-radix-rw222'
INFO:root:CMD OUT: Launching splash2x.radix...
[PARSEC] Benchmarks to run:  splash2x.radix

[PARSEC] [========== Running benchmark splash2x.radix [1] ==========]
[PARSEC] Setting up run directory.
[PARSEC] No archive for input 'native' available, skipping input setup.
[PARSEC] Running 'time /parsec/ext/splash2x/kernels/radix/inst/amd64-linux.gcc/bin/run.sh 1 native':
[PARSEC] [---------- Beginning of output ----------]
Generating input file ...
Running /parsec/ext/splash2x/kernels/radix/inst/amd64-linux.gcc/bin/radix -p1 -r4096 -n268435456 -m2147483647:

Integer Radix Sort
     268435456 Keys
     1 Processors
     Radix = 4096
     Max key = 2147483647


                 PROCESS STATISTICS
               Total            Rank            Sort
 Proc          Time             Time            Time
    0       18423930         1128980        17294940

                 TIMING INFORMATION
Start time                        : 1710367516274926
Initialization finish time        : 1710367555290418
Overall finish time               : 1710367573714348
Total time with initialization    :         57439422
Total time without initialization :         18423930


real	0m57.899s
user	0m52.523s
sys	0m5.108s
[PARSEC] [----------    End of output    ----------]
[PARSEC]
[PARSEC] BIBLIOGRAPHY
[PARSEC]
[PARSEC] [1] Woo et al. The SPLASH-2 Programs: Characterization and Methodological Considerations. ISCA, 1995.
[PARSEC]
[PARSEC] Done.
INFO:root:CMD OUT: job.batch "parsec-radix" deleted
INFO:root:CMD OUT: No resources found
INFO:root:CMD OUT: job.batch/parsec-vips created
INFO:root:CMD OUT: NAME                READY   STATUS              RESTARTS   AGE
parsec-vips-9zswk   0/1     ContainerCreating   0          0s
INFO:root:CMD OUT: NAME          COMPLETIONS   DURATION   AGE
parsec-vips   0/1           6s         6s
INFO:root:CMD OUT: NAME          COMPLETIONS   DURATION   AGE
parsec-vips   0/1           16s        16s
INFO:root:CMD OUT: NAME          COMPLETIONS   DURATION   AGE
parsec-vips   0/1           26s        26s
INFO:root:CMD OUT: NAME          COMPLETIONS   DURATION   AGE
parsec-vips   0/1           36s        36s
INFO:root:CMD OUT: NAME          COMPLETIONS   DURATION   AGE
parsec-vips   0/1           46s        46s
INFO:root:CMD OUT: NAME          COMPLETIONS   DURATION   AGE
parsec-vips   0/1           56s        56s
INFO:root:CMD OUT: NAME          COMPLETIONS   DURATION   AGE
parsec-vips   0/1           66s        66s
INFO:root:CMD OUT: NAME          COMPLETIONS   DURATION   AGE
parsec-vips   0/1           77s        77s
INFO:root:CMD OUT: NAME          COMPLETIONS   DURATION   AGE
parsec-vips   0/1           87s        87s
INFO:root:CMD OUT: NAME          COMPLETIONS   DURATION   AGE
parsec-vips   0/1           97s        97s
INFO:root:CMD OUT: NAME          COMPLETIONS   DURATION   AGE
parsec-vips   0/1           107s       107s
INFO:root:CMD OUT: NAME          COMPLETIONS   DURATION   AGE
parsec-vips   0/1           117s       117s
INFO:root:CMD OUT: NAME          COMPLETIONS   DURATION   AGE
parsec-vips   1/1           2m6s       2m7s
INFO:root:CMD OUT: 'parsec-vips-9zswk'
INFO:root:CMD OUT: Launching parsec.vips...
[PARSEC] Benchmarks to run:  parsec.vips

[PARSEC] [========== Running benchmark parsec.vips [1] ==========]
[PARSEC] Setting up run directory.
[PARSEC] Unpacking benchmark input 'native'.
orion_18000x18000.v
[PARSEC] Running 'time /parsec/pkgs/apps/vips/inst/amd64-linux.gcc/bin/vips im_benchmark orion_18000x18000.v output.v':
[PARSEC] [---------- Beginning of output ----------]

real	1m48.980s
user	1m47.377s
sys	0m2.290s
[PARSEC] [----------    End of output    ----------]
[PARSEC]
[PARSEC] BIBLIOGRAPHY
[PARSEC]
[PARSEC] [1] Bienia. Benchmarking Modern Multiprocessors. Ph.D. Thesis, 2011.
[PARSEC]
[PARSEC] Done.
INFO:root:CMD OUT: job.batch "parsec-vips" deleted
INFO:root:CMD OUT: No resources found
INFO:root:CMD OUT: pod/ibench-l1i created
INFO:root:CMD OUT: job.batch/parsec-blackscholes created
INFO:root:CMD OUT: NAME                        READY   STATUS              RESTARTS   AGE
ibench-l1i                  1/1     Running             0          15s
parsec-blackscholes-b6jgm   0/1     ContainerCreating   0          0s
INFO:root:CMD OUT: NAME                  COMPLETIONS   DURATION   AGE
parsec-blackscholes   0/1           5s         5s
INFO:root:CMD OUT: NAME                  COMPLETIONS   DURATION   AGE
parsec-blackscholes   1/1           6s         15s
INFO:root:CMD OUT: 'parsec-blackscholes-b6jgm'
INFO:root:CMD OUT: Launching parsec.blackscholes...
[PARSEC] Benchmarks to run:  parsec.blackscholes

[PARSEC] [========== Running benchmark parsec.blackscholes [1] ==========]
[PARSEC] Setting up run directory.
[PARSEC] Unpacking benchmark input 'simlarge'.
in_64K.txt
[PARSEC] Running 'time /parsec/pkgs/apps/blackscholes/inst/amd64-linux.gcc/bin/blackscholes 1 in_64K.txt prices.txt':
[PARSEC] [---------- Beginning of output ----------]
PARSEC Benchmark Suite Version 3.0-beta-20150206
Num of Options: 65536
Num of Runs: 100
Size of data: 2621440

real	0m1.297s
user	0m1.259s
sys	0m0.016s
[PARSEC] [----------    End of output    ----------]
[PARSEC]
[PARSEC] BIBLIOGRAPHY
[PARSEC]
[PARSEC] [1] Bienia. Benchmarking Modern Multiprocessors. Ph.D. Thesis, 2011.
[PARSEC]
[PARSEC] Done.
INFO:root:CMD OUT: job.batch "parsec-blackscholes" deleted
INFO:root:CMD OUT: pod "ibench-l1i" deleted
INFO:root:CMD OUT: pod/ibench-l1i created
INFO:root:CMD OUT: job.batch/parsec-canneal created
INFO:root:CMD OUT: NAME                   READY   STATUS              RESTARTS   AGE
ibench-l1i             1/1     Running             0          16s
parsec-canneal-86hkh   0/1     ContainerCreating   0          0s
INFO:root:CMD OUT: NAME             COMPLETIONS   DURATION   AGE
parsec-canneal   0/1           5s         5s
INFO:root:CMD OUT: NAME             COMPLETIONS   DURATION   AGE
parsec-canneal   0/1           16s        16s
INFO:root:CMD OUT: NAME             COMPLETIONS   DURATION   AGE
parsec-canneal   1/1           20s        26s
INFO:root:CMD OUT: 'parsec-canneal-86hkh'
INFO:root:CMD OUT: Launching parsec.canneal...
[PARSEC] Benchmarks to run:  parsec.canneal

[PARSEC] [========== Running benchmark parsec.canneal [1] ==========]
[PARSEC] Setting up run directory.
[PARSEC] Unpacking benchmark input 'simlarge'.
400000.nets
[PARSEC] Running 'time /parsec/pkgs/kernels/canneal/inst/amd64-linux.gcc/bin/canneal 1 15000 2000 400000.nets 128':
[PARSEC] [---------- Beginning of output ----------]
PARSEC Benchmark Suite Version 3.0-beta-20150206
Threadcount: 1
15000 swaps per temperature step
start temperature: 2000
netlist filename: 400000.nets
number of temperature steps: 128
locs created
locs assigned
Just saw element: 100000
Just saw element: 200000
Just saw element: 300000
Just saw element: 400000
netlist created. 400000 elements.
Final routing is: 6.90232e+08

real	0m14.127s
user	0m13.388s
sys	0m0.290s
[PARSEC] [----------    End of output    ----------]
[PARSEC]
[PARSEC] BIBLIOGRAPHY
[PARSEC]
[PARSEC] [1] Bienia. Benchmarking Modern Multiprocessors. Ph.D. Thesis, 2011.
[PARSEC]
[PARSEC] Done.
INFO:root:CMD OUT: job.batch "parsec-canneal" deleted
INFO:root:CMD OUT: pod "ibench-l1i" deleted
INFO:root:CMD OUT: pod/ibench-l1i created
INFO:root:CMD OUT: job.batch/parsec-dedup created
INFO:root:CMD OUT: NAME                 READY   STATUS              RESTARTS   AGE
ibench-l1i           1/1     Running             0          15s
parsec-dedup-j8xmj   0/1     ContainerCreating   0          0s
INFO:root:CMD OUT: NAME           COMPLETIONS   DURATION   AGE
parsec-dedup   0/1           5s         5s
INFO:root:CMD OUT: NAME           COMPLETIONS   DURATION   AGE
parsec-dedup   0/1           16s        16s
INFO:root:CMD OUT: NAME           COMPLETIONS   DURATION   AGE
parsec-dedup   0/1           26s        26s
INFO:root:CMD OUT: NAME           COMPLETIONS   DURATION   AGE
parsec-dedup   0/1           36s        36s
INFO:root:CMD OUT: NAME           COMPLETIONS   DURATION   AGE
parsec-dedup   0/1           46s        46s
INFO:root:CMD OUT: NAME           COMPLETIONS   DURATION   AGE
parsec-dedup   0/1           56s        56s
INFO:root:CMD OUT: NAME           COMPLETIONS   DURATION   AGE
parsec-dedup   1/1           59s        66s
INFO:root:CMD OUT: 'parsec-dedup-j8xmj'
INFO:root:CMD OUT: Launching parsec.dedup...
[PARSEC] Benchmarks to run:  parsec.dedup

[PARSEC] [========== Running benchmark parsec.dedup [1] ==========]
[PARSEC] Setting up run directory.
[PARSEC] Unpacking benchmark input 'native'.
FC-6-x86_64-disc1.iso
[PARSEC] Running 'time /parsec/pkgs/kernels/dedup/inst/amd64-linux.gcc/bin/dedup -c -p -v -t 1 -i FC-6-x86_64-disc1.iso -o output.dat.ddp':
[PARSEC] [---------- Beginning of output ----------]
PARSEC Benchmark Suite Version 3.0-beta-20150206
Total input size:                      671.58 MB
Total output size:                     637.28 MB
Effective compression factor:            1.05x

Mean data chunk size:                    1.88 KB (stddev: 2023.50 KB)
Amount of duplicate chunks:             54.49%
Data size after deduplication:         658.95 MB (compression factor: 1.02x)
Data size after compression:           630.26 MB (compression factor: 1.05x)
Output overhead:                         1.10%

real	0m51.420s
user	0m43.220s
sys	0m7.208s
[PARSEC] [----------    End of output    ----------]
[PARSEC]
[PARSEC] BIBLIOGRAPHY
[PARSEC]
[PARSEC] [1] Bienia. Benchmarking Modern Multiprocessors. Ph.D. Thesis, 2011.
[PARSEC]
[PARSEC] Done.
INFO:root:CMD OUT: job.batch "parsec-dedup" deleted
INFO:root:CMD OUT: pod "ibench-l1i" deleted
INFO:root:CMD OUT: pod/ibench-l1i created
INFO:root:CMD OUT: job.batch/parsec-ferret created
INFO:root:CMD OUT: NAME                  READY   STATUS              RESTARTS   AGE
ibench-l1i            1/1     Running             0          16s
parsec-ferret-lkb7f   0/1     ContainerCreating   0          0s
INFO:root:CMD OUT: NAME            COMPLETIONS   DURATION   AGE
parsec-ferret   0/1           5s         5s
INFO:root:CMD OUT: NAME            COMPLETIONS   DURATION   AGE
parsec-ferret   0/1           15s        15s
INFO:root:CMD OUT: NAME            COMPLETIONS   DURATION   AGE
parsec-ferret   1/1           18s        25s
INFO:root:CMD OUT: 'parsec-ferret-lkb7f'
INFO:root:CMD OUT: Launching parsec.ferret...
[PARSEC] Benchmarks to run:  parsec.ferret

[PARSEC] [========== Running benchmark parsec.ferret [1] ==========]
[PARSEC] Setting up run directory.
[PARSEC] Unpacking benchmark input 'simlarge'.
corel/
corel/__cass.env
corel/corel.raw
corel/lsh.lsh
corel/map_corel.map
queries/
queries/acorn.jpg
queries/air-fighter.jpg
queries/airplane-2.jpg
queries/airplane-takeoff-3.jpg
queries/alcatraz-island-prison.jpg
queries/american-flag-3.jpg
queries/apartment.jpg
queries/apollo-2.jpg
queries/apollo-earth.jpg
queries/apple-11.jpg
queries/apple-14.jpg
queries/apple-16.jpg
queries/apple-7.jpg
queries/aquarium-fish-25.jpg
queries/arches-9.jpg
queries/arches.jpg
queries/archipelago-2.jpg
queries/archipelago.jpg
queries/balboa-park.jpg
queries/balloons-14.jpg
queries/banana-1.jpg
queries/bay.jpg
queries/beach-2.jpg
queries/bee.jpg
queries/bird-2.jpg
queries/black-currant-4.jpg
queries/black-headed-sheep.jpg
queries/boat-race.jpg
queries/bookshelf.jpg
queries/branch-2.jpg
queries/buttercup-2.jpg
queries/cable-2.jpg
queries/cabrillo-national-monument.jpg
queries/cactus-115.jpg
queries/cactus-71.jpg
queries/caesars-palace-2.jpg
queries/canyon.jpg
queries/cheese-plate.jpg
queries/church-tower-with-mountain-in-background.jpg
queries/civic-si-2.jpg
queries/clip-3.jpg
queries/clock-2.jpg
queries/clock.jpg
queries/clouds-2.jpg
queries/coast.jpg
queries/coffee-beans-2.jpg
queries/columbia-start.jpg
queries/concrete-cross.jpg
queries/crawfish-3.jpg
queries/death-valley-sand-dunes.jpg
queries/duck-4.jpg
queries/duck-5.jpg
queries/egret-2.jpg
queries/ellen-browning-scripps-park.jpg
queries/face-10.jpg
queries/face-11.jpg
queries/face-12.jpg
queries/face-13.jpg
queries/face-14.jpg
queries/face-15.jpg
queries/face-16.jpg
queries/face-17.jpg
queries/face-18.jpg
queries/face-19.jpg
queries/face-2.jpg
queries/face-20.jpg
queries/face-21.jpg
queries/face-22.jpg
queries/face-23.jpg
queries/face-24.jpg
queries/face-25.jpg
queries/face-26.jpg
queries/face-27.jpg
queries/face-28.jpg
queries/face-29.jpg
queries/face-3.jpg
queries/face-30.jpg
queries/face-31.jpg
queries/face-32.jpg
queries/face-33.jpg
queries/face-34.jpg
queries/face-35.jpg
queries/face-36.jpg
queries/face-4.jpg
queries/face-5.jpg
queries/face-6.jpg
queries/face-7.jpg
queries/face-8.jpg
queries/face-9.jpg
queries/face.jpg
queries/fajitas.jpg
queries/fake-berries.jpg
queries/fallbrook-avocado-festival.jpg
queries/fallen-branshy-tree.jpg
queries/falls-2.jpg
queries/falls-in-glacier.jpg
queries/falls.jpg
queries/farm-2.jpg
queries/farm.jpg
queries/farmers-market-2.jpg
queries/farmers-market.jpg
queries/field-20.jpg
queries/figs.jpg
queries/fireworks-11.jpg
queries/fly.jpg
queries/food-18.jpg
queries/forest-16.jpg
queries/forest-3.jpg
queries/forest-38.jpg
queries/forest-54.jpg
queries/forest-65.jpg
queries/la-jolla-cliffs-2.jpg
queries/la-jolla-cliffs.jpg
queries/la-jolla-cove-10.jpg
queries/la-jolla-cove-11.jpg
queries/la-jolla-cove-12.jpg
queries/la-jolla-cove-13.jpg
queries/la-jolla-cove-14.jpg
queries/la-jolla-cove-2.jpg
queries/la-jolla-cove-3.jpg
queries/la-jolla-cove-4.jpg
queries/la-jolla-cove-5.jpg
queries/la-jolla-cove-6.jpg
queries/la-jolla-cove-7.jpg
queries/la-jolla-cove-8.jpg
queries/la-jolla-cove-9.jpg
queries/la-jolla-cove.jpg
queries/la-jolla-seal-beach.jpg
queries/la-jolla-shores.jpg
queries/la-jolla-squirrels.jpg
queries/lady-bug.jpg
queries/ladybug-closeup.jpg
queries/ladybugs.jpg
queries/lake-2.jpg
queries/lake-20.jpg
queries/lake-21.jpg
queries/lake-22.jpg
queries/lake-23.jpg
queries/lake-24.jpg
queries/lake-25.jpg
queries/lake-26.jpg
queries/lake-27.jpg
queries/lake-28.jpg
queries/lake-29.jpg
queries/lake-3.jpg
queries/lake-30.jpg
queries/lake-31.jpg
queries/lake-32.jpg
queries/lake-33.jpg
queries/lake-34.jpg
queries/lake-35.jpg
queries/lake-36.jpg
queries/lake-37.jpg
queries/lake-38.jpg
queries/lake-52.jpg
queries/lake-53.jpg
queries/lake-54.jpg
queries/lake-55.jpg
queries/lake-56.jpg
queries/lake-57.jpg
queries/lake-58.jpg
queries/lake-59.jpg
queries/lake-6.jpg
queries/lake-60.jpg
queries/lake-61.jpg
queries/lake-62.jpg
queries/lake-63.jpg
queries/lake-64.jpg
queries/lake-65.jpg
queries/lake-66.jpg
queries/lake-67.jpg
queries/lake-68.jpg
queries/lake-69.jpg
queries/lake-7.jpg
queries/lake-8.jpg
queries/lake-9.jpg
queries/lake-mcdonald-in-glacier.jpg
queries/lake-mcdonald.jpg
queries/lake-miramar.jpg
queries/lake-people.jpg
queries/lake-rock-in-morning-mist-2.jpg
queries/lake-rock-in-morning-mist-3.jpg
queries/lake-rock-in-morning-mist.jpg
queries/lake-rocks-in-morning-mist-2.jpg
queries/lake-rocks-in-morning-mist.jpg
queries/lake-side.jpg
queries/lake-water.jpg
queries/lake.jpg
queries/lamar-valley.jpg
queries/lamp-flowers.jpg
queries/lancashire-cheese.jpg
queries/landing-lights.jpg
queries/lantern.jpg
queries/laptop.jpg
queries/lapwing-in-snow.jpg
queries/lapwings-in-snowy-field.jpg
queries/las-vegas-strip.jpg
queries/lasagna.jpg
queries/lava-2.jpg
queries/lava-3.jpg
queries/lava-4.jpg
queries/lava.jpg
queries/leaf-2.jpg
queries/leaf-3.jpg
queries/leaf-4.jpg
queries/leaf-5.jpg
queries/leaf.jpg
queries/leaves-in-a-stream.jpg
queries/leaves-in-sun-2.jpg
queries/leaves-in-sun-3.jpg
queries/leaves-in-sun.jpg
queries/leaves-water-drops-2.jpg
queries/leaves-water-drops-3.jpg
queries/leaves-water-drops.jpg
queries/leaves.jpg
queries/lemor.jpg
queries/lemurs-eating.jpg
queries/lens.jpg
queries/liberty-cap.jpg
queries/library.jpg
queries/lichens-2.jpg
queries/lichens.jpg
queries/lighter.jpg
queries/lighthouse.jpg
queries/lights-2.jpg
queries/lights-3.jpg
queries/lights.jpg
queries/limberger-cheese.jpg
queries/lime-and-kiwi.jpg
queries/lime-spider.jpg
queries/limestone-quarry-2.jpg
queries/limestone-quarry.jpg
queries/lincolnshire-poacher-cheese.jpg
queries/lion.jpg
queries/little-bird.jpg
queries/little-italy-sign.jpg
queries/little-piggies.jpg
queries/logan-pass-trail.jpg
queries/logan-pass.jpg
queries/lombard-street.jpg
queries/london-bridge.jpg
queries/long-beach-2.jpg
queries/long-beach.jpg
queries/long-horned-cattle-2.jpg
queries/long-horned-cattle.jpg
queries/lots-of-pots.jpg
queries/lotus.jpg
queries/lough-erne.jpg
queries/lough-gill-2.jpg
queries/lough-gill.jpg
queries/lough-gur.jpg
queries/lumbering-bear.jpg
queries/lunar-eclipse.jpg
queries/lynx-on-tree-log.jpg
queries/lynx-sitting.jpg
queries/queen-mary-2.jpg
[PARSEC] Running 'time /parsec/pkgs/apps/ferret/inst/amd64-linux.gcc/bin/ferret corel lsh queries 10 20 1 output.txt':
[PARSEC] [---------- Beginning of output ----------]
PARSEC Benchmark Suite Version 3.0-beta-20150206
(54,1)
(56,2)
(60,3)
(62,4)
(62,5)
(68,6)
(71,7)
(72,8)
(73,9)
(74,10)
(74,11)
(78,12)
(78,13)
(79,14)
(80,15)
(81,16)
(81,17)
(87,18)
(88,19)
(88,20)
(88,21)
(89,22)
(89,23)
(90,24)
(90,25)
(90,26)
(90,27)
(90,28)
(91,29)
(92,30)
(93,31)
(95,32)
(95,33)
(96,34)
(96,35)
(98,36)
(98,37)
(98,38)
(100,39)
(101,40)
(107,41)
(107,42)
(112,43)
(112,44)
(119,45)
(121,46)
(121,47)
(121,48)
(122,49)
(123,50)
(124,51)
(127,52)
(128,53)
(128,54)
(128,55)
(128,56)
(129,57)
(131,58)
(131,59)
(131,60)
(134,61)
(135,62)
(136,63)
(136,64)
(138,65)
(141,66)
(141,67)
(143,68)
(143,69)
(146,70)
(148,71)
(149,72)
(150,73)
(150,74)
(151,75)
(151,76)
(152,77)
(154,78)
(154,79)
(158,80)
(158,81)
(158,82)
(159,83)
(160,84)
(161,85)
(161,86)
(161,87)
(161,88)
(161,89)
(161,90)
(162,91)
(163,92)
(163,93)
(165,94)
(166,95)
(166,96)
(168,97)
(168,98)
(168,99)
(169,100)
(169,101)
(169,102)
(170,103)
(172,104)
(172,105)
(174,106)
(174,107)
(175,108)
(175,109)
(175,110)
(175,111)
(175,112)
(179,113)
(179,114)
(180,115)
(181,116)
(181,117)
(181,118)
(181,119)
(185,120)
(187,121)
(187,122)
(187,123)
(187,124)
(188,125)
(188,126)
(196,127)
(196,128)
(199,129)
(199,130)
(199,131)
(200,132)
(201,133)
(201,134)
(202,135)
(206,136)
(207,137)
(207,138)
(208,139)
(209,140)
(210,141)
(211,142)
(211,143)
(212,144)
(213,145)
(215,146)
(216,147)
(216,148)
(216,149)
(216,150)
(216,151)
(217,152)
(217,153)
(218,154)
(219,155)
(222,156)
(223,157)
(224,158)
(233,159)
(233,160)
(233,161)
(234,162)
(236,163)
(238,164)
(238,165)
(239,166)
(239,167)
(242,168)
(243,169)
(243,170)
(243,171)
(246,172)
(247,173)
(247,174)
(250,175)
(250,176)
(250,177)
(251,178)
(252,179)
(253,180)
(253,181)
(253,182)
(254,183)
(254,184)
(254,185)
(256,186)
(256,187)
(256,188)
(256,189)
(256,190)
(256,191)
(256,192)
(256,193)
(256,194)
(256,195)
(256,196)
(256,197)
(256,198)
(256,199)
(256,200)
(256,201)
(256,202)
(256,203)
(256,204)
(256,205)
(256,206)
(256,207)
(256,208)
(256,209)
(256,210)
(256,211)
(256,212)
(256,213)
(256,214)
(256,215)
(256,216)
(256,217)
(256,218)
(256,219)
(256,220)
(256,221)
(256,222)
(256,223)
(256,224)
(256,225)
(256,226)
(256,227)
(256,228)
(256,229)
(256,230)
(256,231)
(256,232)
(256,233)
(256,234)
(256,235)
(256,236)
(256,237)
(256,238)
(256,239)
(256,240)
(256,241)
(256,242)
(256,243)
(256,244)
(256,245)
(256,246)
(256,247)
(256,248)
(256,249)
(256,250)
(256,251)
(256,252)
(256,253)
(256,254)
(256,255)
(256,256)
QUERY TIME: 13.514 seconds

real	0m13.666s
user	0m13.109s
sys	0m0.152s
[PARSEC] [----------    End of output    ----------]
[PARSEC]
[PARSEC] BIBLIOGRAPHY
[PARSEC]
[PARSEC] [1] Bienia. Benchmarking Modern Multiprocessors. Ph.D. Thesis, 2011.
[PARSEC]
[PARSEC] Done.
INFO:root:CMD OUT: job.batch "parsec-ferret" deleted
INFO:root:CMD OUT: pod "ibench-l1i" deleted
INFO:root:CMD OUT: pod/ibench-l1i created
INFO:root:CMD OUT: job.batch/parsec-freqmine created
INFO:root:CMD OUT: NAME                    READY   STATUS              RESTARTS   AGE
ibench-l1i              1/1     Running             0          15s
parsec-freqmine-8xzh2   0/1     ContainerCreating   0          0s
INFO:root:CMD OUT: NAME              COMPLETIONS   DURATION   AGE
parsec-freqmine   0/1           5s         5s
INFO:root:CMD OUT: NAME              COMPLETIONS   DURATION   AGE
parsec-freqmine   0/1           15s        15s
INFO:root:CMD OUT: NAME              COMPLETIONS   DURATION   AGE
parsec-freqmine   1/1           19s        25s
INFO:root:CMD OUT: 'parsec-freqmine-8xzh2'
INFO:root:CMD OUT: Launching parsec.freqmine...
[PARSEC] Benchmarks to run:  parsec.freqmine

[PARSEC] [========== Running benchmark parsec.freqmine [1] ==========]
[PARSEC] Setting up run directory.
[PARSEC] Unpacking benchmark input 'simlarge'.
kosarak_990k.dat
[PARSEC] Running 'time /parsec/pkgs/apps/freqmine/inst/amd64-linux.gcc/bin/freqmine kosarak_990k.dat 790':
[PARSEC] [---------- Beginning of output ----------]
PARSEC Benchmark Suite Version 3.0-beta-20150206
transaction number is 990002
1548
13483
46649
131381
415489
1239344
2985564
5696308
8709873
10789491
10902648
9011183
6094236
3374161
1530954
564958
165173
36535
5727
578
33
1
the data preparation cost 0.564661 seconds, the FPgrowth cost 12.593463 seconds

real	0m13.164s
user	0m6.492s
sys	0m0.360s
[PARSEC] [----------    End of output    ----------]
[PARSEC]
[PARSEC] BIBLIOGRAPHY
[PARSEC]
[PARSEC] [1] Bienia. Benchmarking Modern Multiprocessors. Ph.D. Thesis, 2011.
[PARSEC]
[PARSEC] Done.
INFO:root:CMD OUT: job.batch "parsec-freqmine" deleted
INFO:root:CMD OUT: pod "ibench-l1i" deleted
INFO:root:CMD OUT: pod/ibench-l1i created
INFO:root:CMD OUT: job.batch/parsec-radix created
INFO:root:CMD OUT: NAME                 READY   STATUS              RESTARTS   AGE
ibench-l1i           1/1     Running             0          15s
parsec-radix-6w7vh   0/1     ContainerCreating   0          0s
INFO:root:CMD OUT: NAME           COMPLETIONS   DURATION   AGE
parsec-radix   0/1           5s         5s
INFO:root:CMD OUT: NAME           COMPLETIONS   DURATION   AGE
parsec-radix   0/1           15s        15s
INFO:root:CMD OUT: NAME           COMPLETIONS   DURATION   AGE
parsec-radix   0/1           26s        26s
INFO:root:CMD OUT: NAME           COMPLETIONS   DURATION   AGE
parsec-radix   0/1           36s        36s
INFO:root:CMD OUT: NAME           COMPLETIONS   DURATION   AGE
parsec-radix   0/1           46s        46s
INFO:root:CMD OUT: NAME           COMPLETIONS   DURATION   AGE
parsec-radix   0/1           56s        56s
INFO:root:CMD OUT: NAME           COMPLETIONS   DURATION   AGE
parsec-radix   0/1           67s        67s
INFO:root:CMD OUT: NAME           COMPLETIONS   DURATION   AGE
parsec-radix   1/1           71s        77s
INFO:root:CMD OUT: 'parsec-radix-6w7vh'
INFO:root:CMD OUT: Launching splash2x.radix...
[PARSEC] Benchmarks to run:  splash2x.radix

[PARSEC] [========== Running benchmark splash2x.radix [1] ==========]
[PARSEC] Setting up run directory.
[PARSEC] No archive for input 'native' available, skipping input setup.
[PARSEC] Running 'time /parsec/ext/splash2x/kernels/radix/inst/amd64-linux.gcc/bin/run.sh 1 native':
[PARSEC] [---------- Beginning of output ----------]
Generating input file ...
Running /parsec/ext/splash2x/kernels/radix/inst/amd64-linux.gcc/bin/radix -p1 -r4096 -n268435456 -m2147483647:

Integer Radix Sort
     268435456 Keys
     1 Processors
     Radix = 4096
     Max key = 2147483647


                 PROCESS STATISTICS
               Total            Rank            Sort
 Proc          Time             Time            Time
    0       21256431         1936706        19319711

                 TIMING INFORMATION
Start time                        : 1710368118962083
Initialization finish time        : 1710368162893085
Overall finish time               : 1710368184149516
Total time with initialization    :         65187433
Total time without initialization :         21256431


real	1m5.975s
user	0m56.128s
sys	0m8.391s
[PARSEC] [----------    End of output    ----------]
[PARSEC]
[PARSEC] BIBLIOGRAPHY
[PARSEC]
[PARSEC] [1] Woo et al. The SPLASH-2 Programs: Characterization and Methodological Considerations. ISCA, 1995.
[PARSEC]
[PARSEC] Done.
INFO:root:CMD OUT: job.batch "parsec-radix" deleted
INFO:root:CMD OUT: pod "ibench-l1i" deleted
INFO:root:CMD OUT: pod/ibench-l1i created
INFO:root:CMD OUT: job.batch/parsec-vips created
INFO:root:CMD OUT: NAME                READY   STATUS              RESTARTS   AGE
ibench-l1i          1/1     Running             0          16s
parsec-vips-dx8n4   0/1     ContainerCreating   0          1s
INFO:root:CMD OUT: NAME          COMPLETIONS   DURATION   AGE
parsec-vips   0/1           6s         6s
INFO:root:CMD OUT: NAME          COMPLETIONS   DURATION   AGE
parsec-vips   0/1           16s        16s
INFO:root:CMD OUT: NAME          COMPLETIONS   DURATION   AGE
parsec-vips   0/1           26s        26s
INFO:root:CMD OUT: NAME          COMPLETIONS   DURATION   AGE
parsec-vips   0/1           36s        36s
INFO:root:CMD OUT: NAME          COMPLETIONS   DURATION   AGE
parsec-vips   0/1           46s        46s
INFO:root:CMD OUT: NAME          COMPLETIONS   DURATION   AGE
parsec-vips   0/1           57s        57s
INFO:root:CMD OUT: NAME          COMPLETIONS   DURATION   AGE
parsec-vips   0/1           67s        67s
INFO:root:CMD OUT: NAME          COMPLETIONS   DURATION   AGE
parsec-vips   0/1           77s        77s
INFO:root:CMD OUT: NAME          COMPLETIONS   DURATION   AGE
parsec-vips   0/1           87s        87s
INFO:root:CMD OUT: NAME          COMPLETIONS   DURATION   AGE
parsec-vips   0/1           97s        97s
INFO:root:CMD OUT: NAME          COMPLETIONS   DURATION   AGE
parsec-vips   0/1           107s       107s
INFO:root:CMD OUT: NAME          COMPLETIONS   DURATION   AGE
parsec-vips   0/1           118s       118s
INFO:root:CMD OUT: NAME          COMPLETIONS   DURATION   AGE
parsec-vips   0/1           2m8s       2m8s
INFO:root:CMD OUT: NAME          COMPLETIONS   DURATION   AGE
parsec-vips   0/1           2m18s      2m18s
INFO:root:CMD OUT: NAME          COMPLETIONS   DURATION   AGE
parsec-vips   0/1           2m28s      2m28s
INFO:root:CMD OUT: NAME          COMPLETIONS   DURATION   AGE
parsec-vips   0/1           2m38s      2m38s
INFO:root:CMD OUT: NAME          COMPLETIONS   DURATION   AGE
parsec-vips   0/1           2m49s      2m49s
INFO:root:CMD OUT: NAME          COMPLETIONS   DURATION   AGE
parsec-vips   0/1           2m59s      2m59s
INFO:root:CMD OUT: NAME          COMPLETIONS   DURATION   AGE
parsec-vips   0/1           3m9s       3m9s
INFO:root:CMD OUT: NAME          COMPLETIONS   DURATION   AGE
parsec-vips   0/1           3m19s      3m19s
INFO:root:CMD OUT: NAME          COMPLETIONS   DURATION   AGE
parsec-vips   0/1           3m29s      3m29s
INFO:root:CMD OUT: NAME          COMPLETIONS   DURATION   AGE
parsec-vips   1/1           3m30s      3m39s
INFO:root:CMD OUT: 'parsec-vips-dx8n4'
INFO:root:CMD OUT: Launching parsec.vips...
[PARSEC] Benchmarks to run:  parsec.vips

[PARSEC] [========== Running benchmark parsec.vips [1] ==========]
[PARSEC] Setting up run directory.
[PARSEC] Unpacking benchmark input 'native'.
orion_18000x18000.v
[PARSEC] Running 'time /parsec/pkgs/apps/vips/inst/amd64-linux.gcc/bin/vips im_benchmark orion_18000x18000.v output.v':
[PARSEC] [---------- Beginning of output ----------]

real	3m16.545s
user	3m10.679s
sys	0m3.417s
[PARSEC] [----------    End of output    ----------]
[PARSEC]
[PARSEC] BIBLIOGRAPHY
[PARSEC]
[PARSEC] [1] Bienia. Benchmarking Modern Multiprocessors. Ph.D. Thesis, 2011.
[PARSEC]
[PARSEC] Done.
INFO:root:CMD OUT: job.batch "parsec-vips" deleted
INFO:root:CMD OUT: pod "ibench-l1i" deleted
INFO:root:CMD OUT: No resources found
INFO:root:CMD OUT: No resources found
